<?xml version="1.0" encoding="UTF-8"?>
<coverage generated="1553798816039" clover="3.2.0">
  <project timestamp="1553798816039" name="All files">
    <metrics statements="78" coveredstatements="63" conditionals="50" coveredconditionals="38" methods="5" coveredmethods="4" elements="133" coveredelements="105" complexity="0" loc="78" ncloc="78" packages="1" files="2" classes="2"/>
    <file name="buscaminas.js" path="D:\appsnode\buscaminas\components\buscaminas.js">
      <metrics statements="25" coveredstatements="25" conditionals="22" coveredconditionals="20" methods="2" coveredmethods="2"/>
      <line num="6" count="1" type="stmt"/>
      <line num="7" count="27" type="stmt"/>
      <line num="8" count="27" type="stmt"/>
      <line num="9" count="162" type="cond" truecount="4" falsecount="0"/>
      <line num="11" count="27" type="stmt"/>
      <line num="18" count="1" type="stmt"/>
      <line num="19" count="6" type="stmt"/>
      <line num="20" count="6" type="stmt"/>
      <line num="21" count="6" type="stmt"/>
      <line num="22" count="6" type="stmt"/>
      <line num="23" count="13" type="stmt"/>
      <line num="24" count="13" type="stmt"/>
      <line num="25" count="13" type="stmt"/>
      <line num="26" count="39" type="cond" truecount="2" falsecount="0"/>
      <line num="29" count="27" type="stmt"/>
      <line num="31" count="27" type="cond" truecount="2" falsecount="0"/>
      <line num="32" count="19" type="stmt"/>
      <line num="39" count="27" type="cond" truecount="2" falsecount="0"/>
      <line num="40" count="17" type="stmt"/>
      <line num="47" count="27" type="stmt"/>
      <line num="49" count="12" type="stmt"/>
      <line num="52" count="13" type="stmt"/>
      <line num="53" count="13" type="stmt"/>
      <line num="55" count="6" type="stmt"/>
      <line num="58" count="1" type="stmt"/>
    </file>
    <file name="tablero.js" path="D:\appsnode\buscaminas\components\tablero.js">
      <metrics statements="53" coveredstatements="38" conditionals="28" coveredconditionals="18" methods="3" coveredmethods="2"/>
      <line num="2" count="1" type="stmt"/>
      <line num="3" count="1" type="stmt"/>
      <line num="4" count="1" type="stmt"/>
      <line num="5" count="1" type="stmt"/>
      <line num="6" count="1" type="stmt"/>
      <line num="12" count="1" type="stmt"/>
      <line num="13" count="2" type="stmt"/>
      <line num="15" count="2" type="stmt"/>
      <line num="16" count="2" type="cond" truecount="2" falsecount="0"/>
      <line num="17" count="1" type="stmt"/>
      <line num="18" count="1" type="stmt"/>
      <line num="20" count="1" type="stmt"/>
      <line num="21" count="1" type="stmt"/>
      <line num="22" count="1" type="stmt"/>
      <line num="29" count="1" type="stmt"/>
      <line num="30" count="0" type="stmt"/>
      <line num="31" count="0" type="cond" truecount="0" falsecount="2"/>
      <line num="32" count="0" type="stmt"/>
      <line num="33" count="0" type="cond" truecount="0" falsecount="2"/>
      <line num="34" count="0" type="stmt"/>
      <line num="35" count="0" type="cond" truecount="0" falsecount="2"/>
      <line num="36" count="0" type="stmt"/>
      <line num="37" count="0" type="cond" truecount="0" falsecount="2"/>
      <line num="38" count="0" type="stmt"/>
      <line num="40" count="0" type="stmt"/>
      <line num="47" count="1" type="stmt"/>
      <line num="48" count="4" type="cond" truecount="2" falsecount="0"/>
      <line num="49" count="1" type="stmt"/>
      <line num="50" count="1" type="stmt"/>
      <line num="52" count="3" type="stmt"/>
      <line num="54" count="3" type="cond" truecount="1" falsecount="1"/>
      <line num="55" count="0" type="stmt"/>
      <line num="56" count="0" type="stmt"/>
      <line num="59" count="3" type="stmt"/>
      <line num="60" count="3" type="stmt"/>
      <line num="61" count="3" type="cond" truecount="6" falsecount="0"/>
      <line num="62" count="1" type="stmt"/>
      <line num="63" count="1" type="stmt"/>
      <line num="67" count="2" type="cond" truecount="2" falsecount="0"/>
      <line num="68" count="1" type="stmt"/>
      <line num="69" count="1" type="stmt"/>
      <line num="72" count="1" type="stmt"/>
      <line num="73" count="4" type="cond" truecount="1" falsecount="1"/>
      <line num="74" count="0" type="stmt"/>
      <line num="75" count="0" type="stmt"/>
      <line num="80" count="1" type="stmt"/>
      <line num="81" count="1" type="stmt"/>
      <line num="82" count="1" type="stmt"/>
      <line num="83" count="3" type="cond" truecount="4" falsecount="0"/>
      <line num="84" count="1" type="stmt"/>
      <line num="85" count="1" type="stmt"/>
      <line num="89" count="0" type="stmt"/>
      <line num="93" count="1" type="stmt"/>
    </file>
  </project>
</coverage>
