{"D:\\appsnode\\buscaminas\\components\\buscaminas.js": {"path":"D:\\appsnode\\buscaminas\\components\\buscaminas.js","statementMap":{"0":{"start":{"line":6,"column":21},"end":{"line":12,"column":1}},"1":{"start":{"line":7,"column":16},"end":{"line":7,"column":17}},"2":{"start":{"line":8,"column":4},"end":{"line":10,"column":5}},"3":{"start":{"line":9,"column":8},"end":{"line":9,"column":54}},"4":{"start":{"line":11,"column":4},"end":{"line":11,"column":17}},"5":{"start":{"line":18,"column":22},"end":{"line":56,"column":1}},"6":{"start":{"line":19,"column":4},"end":{"line":19,"column":54}},"7":{"start":{"line":20,"column":17},"end":{"line":20,"column":19}},"8":{"start":{"line":21,"column":26},"end":{"line":21,"column":28}},"9":{"start":{"line":22,"column":4},"end":{"line":54,"column":5}},"10":{"start":{"line":22,"column":17},"end":{"line":22,"column":18}},"11":{"start":{"line":23,"column":23},"end":{"line":23,"column":25}},"12":{"start":{"line":24,"column":19},"end":{"line":24,"column":39}},"13":{"start":{"line":25,"column":8},"end":{"line":51,"column":9}},"14":{"start":{"line":25,"column":21},"end":{"line":25,"column":22}},"15":{"start":{"line":26,"column":12},"end":{"line":50,"column":13}},"16":{"start":{"line":29,"column":16},"end":{"line":29,"column":54}},"17":{"start":{"line":31,"column":16},"end":{"line":37,"column":17}},"18":{"start":{"line":32,"column":20},"end":{"line":36,"column":23}},"19":{"start":{"line":39,"column":16},"end":{"line":45,"column":17}},"20":{"start":{"line":40,"column":20},"end":{"line":44,"column":23}},"21":{"start":{"line":47,"column":16},"end":{"line":47,"column":49}},"22":{"start":{"line":49,"column":16},"end":{"line":49,"column":30}},"23":{"start":{"line":52,"column":8},"end":{"line":52,"column":37}},"24":{"start":{"line":53,"column":8},"end":{"line":53,"column":20}},"25":{"start":{"line":55,"column":4},"end":{"line":55,"column":27}},"26":{"start":{"line":58,"column":0},"end":{"line":61,"column":2}}},"fnMap":{"0":{"name":"(anonymous_0)","decl":{"start":{"line":6,"column":21},"end":{"line":6,"column":22}},"loc":{"start":{"line":6,"column":35},"end":{"line":12,"column":1}},"line":6},"1":{"name":"(anonymous_1)","decl":{"start":{"line":18,"column":22},"end":{"line":18,"column":23}},"loc":{"start":{"line":18,"column":35},"end":{"line":56,"column":1}},"line":18}},"branchMap":{"0":{"loc":{"start":{"line":9,"column":17},"end":{"line":9,"column":53}},"type":"cond-expr","locations":[{"start":{"line":9,"column":48},"end":{"line":9,"column":49}},{"start":{"line":9,"column":52},"end":{"line":9,"column":53}}],"line":9},"1":{"loc":{"start":{"line":9,"column":18},"end":{"line":9,"column":44}},"type":"binary-expr","locations":[{"start":{"line":9,"column":18},"end":{"line":9,"column":25}},{"start":{"line":9,"column":29},"end":{"line":9,"column":44}}],"line":9},"2":{"loc":{"start":{"line":26,"column":12},"end":{"line":50,"column":13}},"type":"if","locations":[{"start":{"line":26,"column":12},"end":{"line":50,"column":13}},{"start":{"line":26,"column":12},"end":{"line":50,"column":13}}],"line":26},"3":{"loc":{"start":{"line":31,"column":16},"end":{"line":37,"column":17}},"type":"if","locations":[{"start":{"line":31,"column":16},"end":{"line":37,"column":17}},{"start":{"line":31,"column":16},"end":{"line":37,"column":17}}],"line":31},"4":{"loc":{"start":{"line":33,"column":24},"end":{"line":33,"column":77}},"type":"cond-expr","locations":[{"start":{"line":33,"column":48},"end":{"line":33,"column":69}},{"start":{"line":33,"column":72},"end":{"line":33,"column":77}}],"line":33},"5":{"loc":{"start":{"line":34,"column":24},"end":{"line":34,"column":69}},"type":"cond-expr","locations":[{"start":{"line":34,"column":44},"end":{"line":34,"column":61}},{"start":{"line":34,"column":64},"end":{"line":34,"column":69}}],"line":34},"6":{"loc":{"start":{"line":35,"column":24},"end":{"line":35,"column":77}},"type":"cond-expr","locations":[{"start":{"line":35,"column":48},"end":{"line":35,"column":69}},{"start":{"line":35,"column":72},"end":{"line":35,"column":77}}],"line":35},"7":{"loc":{"start":{"line":39,"column":16},"end":{"line":45,"column":17}},"type":"if","locations":[{"start":{"line":39,"column":16},"end":{"line":45,"column":17}},{"start":{"line":39,"column":16},"end":{"line":45,"column":17}}],"line":39},"8":{"loc":{"start":{"line":41,"column":24},"end":{"line":41,"column":77}},"type":"cond-expr","locations":[{"start":{"line":41,"column":48},"end":{"line":41,"column":69}},{"start":{"line":41,"column":72},"end":{"line":41,"column":77}}],"line":41},"9":{"loc":{"start":{"line":42,"column":24},"end":{"line":42,"column":69}},"type":"cond-expr","locations":[{"start":{"line":42,"column":44},"end":{"line":42,"column":61}},{"start":{"line":42,"column":64},"end":{"line":42,"column":69}}],"line":42},"10":{"loc":{"start":{"line":43,"column":24},"end":{"line":43,"column":77}},"type":"cond-expr","locations":[{"start":{"line":43,"column":48},"end":{"line":43,"column":69}},{"start":{"line":43,"column":72},"end":{"line":43,"column":77}}],"line":43}},"s":{"0":1,"1":27,"2":27,"3":162,"4":27,"5":1,"6":6,"7":6,"8":6,"9":6,"10":6,"11":13,"12":13,"13":13,"14":13,"15":39,"16":27,"17":27,"18":19,"19":27,"20":17,"21":27,"22":12,"23":13,"24":13,"25":6,"26":1},"f":{"0":27,"1":6},"b":{"0":[14,148],"1":[162,122],"2":[27,12],"3":[19,8],"4":[13,6],"5":[19,0],"6":[13,6],"7":[17,10],"8":[13,4],"9":[17,0],"10":[11,6]},"_coverageSchema":"43e27e138ebf9cfc5966b082cf9a028302ed4184","hash":"a147f337e566f6730797aa68f98cbf1fa3318a8a"}
,"D:\\appsnode\\buscaminas\\components\\tablero.js": {"path":"D:\\appsnode\\buscaminas\\components\\tablero.js","statementMap":{"0":{"start":{"line":2,"column":13},"end":{"line":2,"column":28}},"1":{"start":{"line":3,"column":14},"end":{"line":3,"column":27}},"2":{"start":{"line":4,"column":11},"end":{"line":4,"column":32}},"3":{"start":{"line":5,"column":11},"end":{"line":5,"column":24}},"4":{"start":{"line":6,"column":0},"end":{"line":6,"column":13}},"5":{"start":{"line":12,"column":29},"end":{"line":23,"column":1}},"6":{"start":{"line":13,"column":21},"end":{"line":13,"column":46}},"7":{"start":{"line":15,"column":21},"end":{"line":15,"column":42}},"8":{"start":{"line":16,"column":4},"end":{"line":19,"column":5}},"9":{"start":{"line":17,"column":8},"end":{"line":17,"column":75}},"10":{"start":{"line":18,"column":8},"end":{"line":18,"column":21}},"11":{"start":{"line":20,"column":22},"end":{"line":20,"column":50}},"12":{"start":{"line":21,"column":18},"end":{"line":21,"column":40}},"13":{"start":{"line":22,"column":4},"end":{"line":22,"column":19}},"14":{"start":{"line":29,"column":21},"end":{"line":41,"column":1}},"15":{"start":{"line":30,"column":18},"end":{"line":30,"column":20}},"16":{"start":{"line":31,"column":4},"end":{"line":39,"column":5}},"17":{"start":{"line":32,"column":8},"end":{"line":32,"column":42}},"18":{"start":{"line":33,"column":11},"end":{"line":39,"column":5}},"19":{"start":{"line":34,"column":8},"end":{"line":34,"column":40}},"20":{"start":{"line":35,"column":11},"end":{"line":39,"column":5}},"21":{"start":{"line":36,"column":8},"end":{"line":36,"column":40}},"22":{"start":{"line":37,"column":11},"end":{"line":39,"column":5}},"23":{"start":{"line":38,"column":8},"end":{"line":38,"column":39}},"24":{"start":{"line":40,"column":4},"end":{"line":40,"column":19}},"25":{"start":{"line":47,"column":23},"end":{"line":91,"column":1}},"26":{"start":{"line":48,"column":4},"end":{"line":51,"column":5}},"27":{"start":{"line":49,"column":8},"end":{"line":49,"column":52}},"28":{"start":{"line":50,"column":8},"end":{"line":50,"column":21}},"29":{"start":{"line":52,"column":21},"end":{"line":52,"column":42}},"30":{"start":{"line":54,"column":4},"end":{"line":57,"column":5}},"31":{"start":{"line":55,"column":8},"end":{"line":55,"column":109}},"32":{"start":{"line":56,"column":8},"end":{"line":56,"column":21}},"33":{"start":{"line":59,"column":23},"end":{"line":59,"column":42}},"34":{"start":{"line":60,"column":23},"end":{"line":60,"column":42}},"35":{"start":{"line":61,"column":4},"end":{"line":64,"column":5}},"36":{"start":{"line":62,"column":8},"end":{"line":62,"column":126}},"37":{"start":{"line":63,"column":8},"end":{"line":63,"column":21}},"38":{"start":{"line":67,"column":4},"end":{"line":70,"column":5}},"39":{"start":{"line":68,"column":8},"end":{"line":68,"column":160}},"40":{"start":{"line":69,"column":8},"end":{"line":69,"column":21}},"41":{"start":{"line":72,"column":4},"end":{"line":77,"column":5}},"42":{"start":{"line":72,"column":17},"end":{"line":72,"column":18}},"43":{"start":{"line":73,"column":8},"end":{"line":76,"column":9}},"44":{"start":{"line":74,"column":12},"end":{"line":74,"column":164}},"45":{"start":{"line":75,"column":12},"end":{"line":75,"column":25}},"46":{"start":{"line":80,"column":4},"end":{"line":88,"column":5}},"47":{"start":{"line":80,"column":17},"end":{"line":80,"column":18}},"48":{"start":{"line":81,"column":19},"end":{"line":81,"column":39}},"49":{"start":{"line":82,"column":8},"end":{"line":87,"column":9}},"50":{"start":{"line":82,"column":21},"end":{"line":82,"column":22}},"51":{"start":{"line":83,"column":12},"end":{"line":86,"column":13}},"52":{"start":{"line":84,"column":16},"end":{"line":84,"column":125}},"53":{"start":{"line":85,"column":16},"end":{"line":85,"column":29}},"54":{"start":{"line":89,"column":4},"end":{"line":89,"column":16}},"55":{"start":{"line":93,"column":0},"end":{"line":97,"column":2}}},"fnMap":{"0":{"name":"(anonymous_0)","decl":{"start":{"line":12,"column":29},"end":{"line":12,"column":30}},"loc":{"start":{"line":12,"column":46},"end":{"line":23,"column":1}},"line":12},"1":{"name":"(anonymous_1)","decl":{"start":{"line":29,"column":21},"end":{"line":29,"column":22}},"loc":{"start":{"line":29,"column":36},"end":{"line":41,"column":1}},"line":29},"2":{"name":"(anonymous_2)","decl":{"start":{"line":47,"column":23},"end":{"line":47,"column":24}},"loc":{"start":{"line":47,"column":36},"end":{"line":91,"column":1}},"line":47}},"branchMap":{"0":{"loc":{"start":{"line":16,"column":4},"end":{"line":19,"column":5}},"type":"if","locations":[{"start":{"line":16,"column":4},"end":{"line":19,"column":5}},{"start":{"line":16,"column":4},"end":{"line":19,"column":5}}],"line":16},"1":{"loc":{"start":{"line":31,"column":4},"end":{"line":39,"column":5}},"type":"if","locations":[{"start":{"line":31,"column":4},"end":{"line":39,"column":5}},{"start":{"line":31,"column":4},"end":{"line":39,"column":5}}],"line":31},"2":{"loc":{"start":{"line":33,"column":11},"end":{"line":39,"column":5}},"type":"if","locations":[{"start":{"line":33,"column":11},"end":{"line":39,"column":5}},{"start":{"line":33,"column":11},"end":{"line":39,"column":5}}],"line":33},"3":{"loc":{"start":{"line":35,"column":11},"end":{"line":39,"column":5}},"type":"if","locations":[{"start":{"line":35,"column":11},"end":{"line":39,"column":5}},{"start":{"line":35,"column":11},"end":{"line":39,"column":5}}],"line":35},"4":{"loc":{"start":{"line":37,"column":11},"end":{"line":39,"column":5}},"type":"if","locations":[{"start":{"line":37,"column":11},"end":{"line":39,"column":5}},{"start":{"line":37,"column":11},"end":{"line":39,"column":5}}],"line":37},"5":{"loc":{"start":{"line":48,"column":4},"end":{"line":51,"column":5}},"type":"if","locations":[{"start":{"line":48,"column":4},"end":{"line":51,"column":5}},{"start":{"line":48,"column":4},"end":{"line":51,"column":5}}],"line":48},"6":{"loc":{"start":{"line":54,"column":4},"end":{"line":57,"column":5}},"type":"if","locations":[{"start":{"line":54,"column":4},"end":{"line":57,"column":5}},{"start":{"line":54,"column":4},"end":{"line":57,"column":5}}],"line":54},"7":{"loc":{"start":{"line":61,"column":4},"end":{"line":64,"column":5}},"type":"if","locations":[{"start":{"line":61,"column":4},"end":{"line":64,"column":5}},{"start":{"line":61,"column":4},"end":{"line":64,"column":5}}],"line":61},"8":{"loc":{"start":{"line":61,"column":8},"end":{"line":61,"column":108}},"type":"binary-expr","locations":[{"start":{"line":61,"column":8},"end":{"line":61,"column":37}},{"start":{"line":61,"column":41},"end":{"line":61,"column":70}},{"start":{"line":61,"column":74},"end":{"line":61,"column":89}},{"start":{"line":61,"column":93},"end":{"line":61,"column":108}}],"line":61},"9":{"loc":{"start":{"line":67,"column":4},"end":{"line":70,"column":5}},"type":"if","locations":[{"start":{"line":67,"column":4},"end":{"line":70,"column":5}},{"start":{"line":67,"column":4},"end":{"line":70,"column":5}}],"line":67},"10":{"loc":{"start":{"line":73,"column":8},"end":{"line":76,"column":9}},"type":"if","locations":[{"start":{"line":73,"column":8},"end":{"line":76,"column":9}},{"start":{"line":73,"column":8},"end":{"line":76,"column":9}}],"line":73},"11":{"loc":{"start":{"line":83,"column":12},"end":{"line":86,"column":13}},"type":"if","locations":[{"start":{"line":83,"column":12},"end":{"line":86,"column":13}},{"start":{"line":83,"column":12},"end":{"line":86,"column":13}}],"line":83},"12":{"loc":{"start":{"line":83,"column":16},"end":{"line":83,"column":50}},"type":"binary-expr","locations":[{"start":{"line":83,"column":16},"end":{"line":83,"column":31}},{"start":{"line":83,"column":35},"end":{"line":83,"column":50}}],"line":83}},"s":{"0":1,"1":1,"2":1,"3":1,"4":1,"5":1,"6":2,"7":2,"8":2,"9":1,"10":1,"11":1,"12":1,"13":1,"14":1,"15":0,"16":0,"17":0,"18":0,"19":0,"20":0,"21":0,"22":0,"23":0,"24":0,"25":1,"26":4,"27":1,"28":1,"29":3,"30":3,"31":0,"32":0,"33":3,"34":3,"35":3,"36":1,"37":1,"38":2,"39":1,"40":1,"41":1,"42":1,"43":4,"44":0,"45":0,"46":1,"47":1,"48":1,"49":1,"50":1,"51":3,"52":1,"53":1,"54":0,"55":1},"f":{"0":2,"1":0,"2":4},"b":{"0":[1,1],"1":[0,0],"2":[0,0],"3":[0,0],"4":[0,0],"5":[1,3],"6":[0,3],"7":[1,2],"8":[3,3,2,2],"9":[1,1],"10":[0,4],"11":[1,2],"12":[3,2]},"_coverageSchema":"43e27e138ebf9cfc5966b082cf9a028302ed4184","hash":"7fa3caf4913688bdc4751f2c3ab9f62f38b8b2f3"}
}
