TN:
SF:D:\appsnode\buscaminas\components\buscaminas.js
FN:6,(anonymous_0)
FN:18,(anonymous_1)
FNF:2
FNH:2
FNDA:27,(anonymous_0)
FNDA:6,(anonymous_1)
DA:6,1
DA:7,27
DA:8,27
DA:9,162
DA:11,27
DA:18,1
DA:19,6
DA:20,6
DA:21,6
DA:22,6
DA:23,13
DA:24,13
DA:25,13
DA:26,39
DA:29,27
DA:31,27
DA:32,19
DA:39,27
DA:40,17
DA:47,27
DA:49,12
DA:52,13
DA:53,13
DA:55,6
DA:58,1
LF:25
LH:25
BRDA:9,0,0,14
BRDA:9,0,1,148
BRDA:9,1,0,162
BRDA:9,1,1,122
BRDA:26,2,0,27
BRDA:26,2,1,12
BRDA:31,3,0,19
BRDA:31,3,1,8
BRDA:33,4,0,13
BRDA:33,4,1,6
BRDA:34,5,0,19
BRDA:34,5,1,0
BRDA:35,6,0,13
BRDA:35,6,1,6
BRDA:39,7,0,17
BRDA:39,7,1,10
BRDA:41,8,0,13
BRDA:41,8,1,4
BRDA:42,9,0,17
BRDA:42,9,1,0
BRDA:43,10,0,11
BRDA:43,10,1,6
BRF:22
BRH:20
end_of_record
TN:
SF:D:\appsnode\buscaminas\components\tablero.js
FN:12,(anonymous_0)
FN:29,(anonymous_1)
FN:47,(anonymous_2)
FNF:3
FNH:2
FNDA:2,(anonymous_0)
FNDA:0,(anonymous_1)
FNDA:4,(anonymous_2)
DA:2,1
DA:3,1
DA:4,1
DA:5,1
DA:6,1
DA:12,1
DA:13,2
DA:15,2
DA:16,2
DA:17,1
DA:18,1
DA:20,1
DA:21,1
DA:22,1
DA:29,1
DA:30,0
DA:31,0
DA:32,0
DA:33,0
DA:34,0
DA:35,0
DA:36,0
DA:37,0
DA:38,0
DA:40,0
DA:47,1
DA:48,4
DA:49,1
DA:50,1
DA:52,3
DA:54,3
DA:55,0
DA:56,0
DA:59,3
DA:60,3
DA:61,3
DA:62,1
DA:63,1
DA:67,2
DA:68,1
DA:69,1
DA:72,1
DA:73,4
DA:74,0
DA:75,0
DA:80,1
DA:81,1
DA:82,1
DA:83,3
DA:84,1
DA:85,1
DA:89,0
DA:93,1
LF:53
LH:38
BRDA:16,0,0,1
BRDA:16,0,1,1
BRDA:31,1,0,0
BRDA:31,1,1,0
BRDA:33,2,0,0
BRDA:33,2,1,0
BRDA:35,3,0,0
BRDA:35,3,1,0
BRDA:37,4,0,0
BRDA:37,4,1,0
BRDA:48,5,0,1
BRDA:48,5,1,3
BRDA:54,6,0,0
BRDA:54,6,1,3
BRDA:61,7,0,1
BRDA:61,7,1,2
BRDA:61,8,0,3
BRDA:61,8,1,3
BRDA:61,8,2,2
BRDA:61,8,3,2
BRDA:67,9,0,1
BRDA:67,9,1,1
BRDA:73,10,0,0
BRDA:73,10,1,4
BRDA:83,11,0,1
BRDA:83,11,1,2
BRDA:83,12,0,3
BRDA:83,12,1,2
BRF:28
BRH:18
end_of_record
